[debug] [2018-01-17T12:51:01.048Z] ----------------------------------------------------------------------
[debug] [2018-01-17T12:51:01.050Z] Command:       /usr/local/Cellar/node/8.4.0/bin/node /usr/local/bin/firebase serve --only functions,hosting
[debug] [2018-01-17T12:51:01.050Z] CLI Version:   3.16.0
[debug] [2018-01-17T12:51:01.050Z] Platform:      darwin
[debug] [2018-01-17T12:51:01.050Z] Node Version:  v8.4.0
[debug] [2018-01-17T12:51:01.051Z] Time:          Wed Jan 17 2018 12:51:01 GMT+0000 (GMT)
[debug] [2018-01-17T12:51:01.051Z] ----------------------------------------------------------------------
[debug] 
[debug] [2018-01-17T12:51:01.118Z] > command requires scopes: ["email","openid","https://www.googleapis.com/auth/cloudplatformprojects.readonly","https://www.googleapis.com/auth/firebase","https://www.googleapis.com/auth/cloud-platform"]
[debug] [2018-01-17T12:51:01.118Z] > authorizing via signed-in user
[debug] [2018-01-17T12:51:01.120Z] > refreshing access token with scopes: ["email","https://www.googleapis.com/auth/cloud-platform","https://www.googleapis.com/auth/cloudplatformprojects.readonly","https://www.googleapis.com/auth/firebase","openid"]
[debug] [2018-01-17T12:51:01.120Z] >>> HTTP REQUEST POST https://www.googleapis.com/oauth2/v3/token  
 { refresh_token: '1/NDIXKIkoq3uLmeiXsD-Uh35GUqytj-QbknpoNErMPTTDcFDMkVVbo4wdWav13rTt',
  client_id: '563584335869-fgrhgmd47bqnekij5i8b5pr03ho849e6.apps.googleusercontent.com',
  client_secret: 'j9iVZfS8kkCEFUPaAeJV0sAi',
  grant_type: 'refresh_token',
  scope: 'email https://www.googleapis.com/auth/cloud-platform https://www.googleapis.com/auth/cloudplatformprojects.readonly https://www.googleapis.com/auth/firebase openid' } 
 Wed Jan 17 2018 12:51:01 GMT+0000 (GMT)
[debug] [2018-01-17T12:51:02.313Z] <<< HTTP RESPONSE 200
[debug] [2018-01-17T12:51:02.385Z] >>> HTTP REQUEST GET https://admin.firebase.com/v1/projects/neelo-43a82  
  
 Wed Jan 17 2018 12:51:02 GMT+0000 (GMT)
[debug] [2018-01-17T12:51:04.038Z] <<< HTTP RESPONSE 200
[debug] [2018-01-17T12:51:04.039Z] >>> HTTP REQUEST GET https://admin.firebase.com/v1/database/neelo-43a82/tokens  
  
 Wed Jan 17 2018 12:51:04 GMT+0000 (GMT)
[debug] [2018-01-17T12:51:05.297Z] <<< HTTP RESPONSE 200
[info] 
[info] === Serving from '/Users/yarteyd/Desktop/firebase ?'...
[info] 
[debug] [2018-01-17T12:51:11.637Z] Error: EACCES: permission denied, mkdir '/usr/local/lib/node_modules/firebase-tools/node_modules/@google-cloud/functions-emulator/logs'
    at Object.fs.mkdirSync (fs.js:891:18)
    at Object.assertLogsPath (/usr/local/lib/node_modules/firebase-tools/node_modules/@google-cloud/functions-emulator/src/emulator/logs.js:65:10)
    at new Controller (/usr/local/lib/node_modules/firebase-tools/node_modules/@google-cloud/functions-emulator/src/cli/controller.js:85:32)
    at FunctionsEmulator.start (/usr/local/lib/node_modules/firebase-tools/lib/functionsEmulator.js:108:21)
    at Object.start (/usr/local/lib/node_modules/firebase-tools/lib/serve/functions.js:9:29)
    at /usr/local/lib/node_modules/firebase-tools/lib/serve/index.js:16:19
    at arrayMap (/usr/local/lib/node_modules/firebase-tools/node_modules/lodash/lodash.js:660:23)
    at Function.map (/usr/local/lib/node_modules/firebase-tools/node_modules/lodash/lodash.js:9571:14)
    at _serve (/usr/local/lib/node_modules/firebase-tools/lib/serve/index.js:14:21)
    at Command._action (/usr/local/lib/node_modules/firebase-tools/commands/serve.js:42:12)
[error] 
[error] Error: An unexpected error has occurred.
[debug] [2018-01-17T12:52:00.172Z] ----------------------------------------------------------------------
[debug] [2018-01-17T12:52:00.175Z] Command:       /usr/local/Cellar/node/8.4.0/bin/node /usr/local/bin/firebase serve --only functions,hosting
[debug] [2018-01-17T12:52:00.175Z] CLI Version:   3.16.0
[debug] [2018-01-17T12:52:00.175Z] Platform:      darwin
[debug] [2018-01-17T12:52:00.175Z] Node Version:  v8.4.0
[debug] [2018-01-17T12:52:00.176Z] Time:          Wed Jan 17 2018 12:52:00 GMT+0000 (GMT)
[debug] [2018-01-17T12:52:00.176Z] ----------------------------------------------------------------------
[debug] 
[debug] [2018-01-17T12:52:00.207Z] > command requires scopes: ["email","openid","https://www.googleapis.com/auth/cloudplatformprojects.readonly","https://www.googleapis.com/auth/firebase","https://www.googleapis.com/auth/cloud-platform"]
[debug] [2018-01-17T12:52:00.208Z] > authorizing via signed-in user
[debug] [2018-01-17T12:52:00.210Z] >>> HTTP REQUEST GET https://admin.firebase.com/v1/projects/neelo-43a82  
  
 Wed Jan 17 2018 12:52:00 GMT+0000 (GMT)
[debug] [2018-01-17T12:52:01.470Z] <<< HTTP RESPONSE 200
[debug] [2018-01-17T12:52:01.471Z] >>> HTTP REQUEST GET https://admin.firebase.com/v1/database/neelo-43a82/tokens  
  
 Wed Jan 17 2018 12:52:01 GMT+0000 (GMT)
[debug] [2018-01-17T12:52:02.875Z] <<< HTTP RESPONSE 200
[info] 
[info] === Serving from '/Users/yarteyd/Desktop/firebase ?'...
[info] 
[debug] [2018-01-17T12:52:04.550Z] Error: EACCES: permission denied, mkdir '/usr/local/lib/node_modules/firebase-tools/node_modules/@google-cloud/functions-emulator/logs'
    at Object.fs.mkdirSync (fs.js:891:18)
    at Object.assertLogsPath (/usr/local/lib/node_modules/firebase-tools/node_modules/@google-cloud/functions-emulator/src/emulator/logs.js:65:10)
    at new Controller (/usr/local/lib/node_modules/firebase-tools/node_modules/@google-cloud/functions-emulator/src/cli/controller.js:85:32)
    at FunctionsEmulator.start (/usr/local/lib/node_modules/firebase-tools/lib/functionsEmulator.js:108:21)
    at Object.start (/usr/local/lib/node_modules/firebase-tools/lib/serve/functions.js:9:29)
    at /usr/local/lib/node_modules/firebase-tools/lib/serve/index.js:16:19
    at arrayMap (/usr/local/lib/node_modules/firebase-tools/node_modules/lodash/lodash.js:660:23)
    at Function.map (/usr/local/lib/node_modules/firebase-tools/node_modules/lodash/lodash.js:9571:14)
    at _serve (/usr/local/lib/node_modules/firebase-tools/lib/serve/index.js:14:21)
    at Command._action (/usr/local/lib/node_modules/firebase-tools/commands/serve.js:42:12)
[error] 
[error] Error: An unexpected error has occurred.
[debug] [2018-01-17T12:52:55.730Z] ----------------------------------------------------------------------
[debug] [2018-01-17T12:52:55.733Z] Command:       /usr/local/Cellar/node/8.4.0/bin/node /usr/local/bin/firebase serve --only functions,hosting
[debug] [2018-01-17T12:52:55.733Z] CLI Version:   3.16.0
[debug] [2018-01-17T12:52:55.733Z] Platform:      darwin
[debug] [2018-01-17T12:52:55.733Z] Node Version:  v8.4.0
[debug] [2018-01-17T12:52:55.734Z] Time:          Wed Jan 17 2018 12:52:55 GMT+0000 (GMT)
[debug] [2018-01-17T12:52:55.734Z] ----------------------------------------------------------------------
[debug] 
[debug] [2018-01-17T12:52:55.768Z] > command requires scopes: ["email","openid","https://www.googleapis.com/auth/cloudplatformprojects.readonly","https://www.googleapis.com/auth/firebase","https://www.googleapis.com/auth/cloud-platform"]
[debug] [2018-01-17T12:52:55.769Z] > authorizing via signed-in user
[debug] [2018-01-17T12:52:55.773Z] >>> HTTP REQUEST GET https://admin.firebase.com/v1/projects/neelo-43a82  
  
 Wed Jan 17 2018 12:52:55 GMT+0000 (GMT)
[debug] [2018-01-17T12:52:57.041Z] <<< HTTP RESPONSE 200
[debug] [2018-01-17T12:52:57.042Z] >>> HTTP REQUEST GET https://admin.firebase.com/v1/database/neelo-43a82/tokens  
  
 Wed Jan 17 2018 12:52:57 GMT+0000 (GMT)
[debug] [2018-01-17T12:52:58.429Z] <<< HTTP RESPONSE 200
[info] 
[info] === Serving from '/Users/yarteyd/Desktop/firebase ?'...
[info] 
[debug] [2018-01-17T12:53:02.640Z] Error: EACCES: permission denied, mkdir '/usr/local/lib/node_modules/firebase-tools/node_modules/@google-cloud/functions-emulator/logs'
    at Object.fs.mkdirSync (fs.js:891:18)
    at Object.assertLogsPath (/usr/local/lib/node_modules/firebase-tools/node_modules/@google-cloud/functions-emulator/src/emulator/logs.js:65:10)
    at new Controller (/usr/local/lib/node_modules/firebase-tools/node_modules/@google-cloud/functions-emulator/src/cli/controller.js:85:32)
    at FunctionsEmulator.start (/usr/local/lib/node_modules/firebase-tools/lib/functionsEmulator.js:108:21)
    at Object.start (/usr/local/lib/node_modules/firebase-tools/lib/serve/functions.js:9:29)
    at /usr/local/lib/node_modules/firebase-tools/lib/serve/index.js:16:19
    at arrayMap (/usr/local/lib/node_modules/firebase-tools/node_modules/lodash/lodash.js:660:23)
    at Function.map (/usr/local/lib/node_modules/firebase-tools/node_modules/lodash/lodash.js:9571:14)
    at _serve (/usr/local/lib/node_modules/firebase-tools/lib/serve/index.js:14:21)
    at Command._action (/usr/local/lib/node_modules/firebase-tools/commands/serve.js:42:12)
[error] 
[error] Error: An unexpected error has occurred.
